<?xml version="1.0" encoding="UTF-8"?>
<!-- Generated by org.testng.reporters.JUnitReportReporter -->
<testsuite hostname="BuildSupply-PC9" failures="0" tests="1" name="done.mm.qa.testcases.ReceiptTest" time="42.229" errors="0" timestamp="2021-12-08T13:34:29 IST" skipped="0">
  <testcase classname="done.mm.qa.testcases.ReceiptTest" name="Receipt" time="42.229"/>
  <system-out/>
</testsuite> <!-- done.mm.qa.testcases.ReceiptTest -->
