<?xml version="1.0" encoding="UTF-8"?>
<!-- Generated by org.testng.reporters.JUnitReportReporter -->
<testsuite hostname="BuildSupply-PC9" failures="0" tests="2" name="done.mm.qa.testcases.LoginFromExcelData_DataDrivenTest" time="36.103" errors="0" timestamp="2021-12-02T14:47:44 IST" skipped="0">
  <testcase classname="done.mm.qa.testcases.LoginFromExcelData_DataDrivenTest" name="SignUp" time="18.618"/>
  <system-out/>
  <testcase classname="done.mm.qa.testcases.LoginFromExcelData_DataDrivenTest" name="SignUp" time="17.485"/>
  <system-out/>
</testsuite> <!-- done.mm.qa.testcases.LoginFromExcelData_DataDrivenTest -->
