<?xml version="1.0" encoding="UTF-8"?>
<!-- Generated by org.testng.reporters.JUnitReportReporter -->
<testsuite hostname="DESKTOP-LM7H92S" failures="0" tests="1" name="done.mm.qa.testcases.UpdateMatchTest" time="57.656" errors="0" timestamp="2023-02-09T17:18:18 IST" skipped="0">
  <testcase classname="done.mm.qa.testcases.UpdateMatchTest" name="createTournamentTest" time="57.656"/>
  <system-out/>
</testsuite> <!-- done.mm.qa.testcases.UpdateMatchTest -->
