<?xml version="1.0" encoding="UTF-8"?>
<!-- Generated by org.testng.reporters.JUnitReportReporter -->
<testsuite hostname="DESKTOP-5AST0QG" failures="0" tests="1" name="done.mm.qa.testcases.PCOUpdateTest" time="80.437" errors="0" timestamp="2022-12-06T17:36:01 IST" skipped="0">
  <testcase classname="done.mm.qa.testcases.PCOUpdateTest" name="statusupdate" time="80.437"/>
  <system-out/>
</testsuite> <!-- done.mm.qa.testcases.PCOUpdateTest -->
