<?xml version="1.0" encoding="UTF-8"?>
<!-- Generated by org.testng.reporters.JUnitReportReporter -->
<testsuite hostname="DESKTOP-LM7H92S" failures="0" tests="1" name="done.mm.qa.testcases.DeactivateMasterTest" time="36.210" errors="0" timestamp="2022-09-23T11:42:22 IST" skipped="0">
  <testcase classname="done.mm.qa.testcases.DeactivateMasterTest" name="CreateMaster" time="36.210"/>
  <system-out/>
</testsuite> <!-- done.mm.qa.testcases.DeactivateMasterTest -->
