<?xml version="1.0" encoding="UTF-8"?>
<!-- Generated by org.testng.reporters.JUnitReportReporter -->
<testsuite hostname="DESKTOP-LM7H92S" failures="0" tests="1" name="done.mm.qa.testcases.PCStatusLivPauseTest" time="50.611" errors="0" timestamp="2023-02-16T15:39:36 IST" skipped="0">
  <testcase classname="done.mm.qa.testcases.PCStatusLivPauseTest" name="statusupdate" time="50.611"/>
  <system-out/>
</testsuite> <!-- done.mm.qa.testcases.PCStatusLivPauseTest -->
