<?xml version="1.0" encoding="UTF-8"?>
<!-- Generated by org.testng.reporters.JUnitReportReporter -->
<testsuite hostname="DESKTOP-5AST0QG" failures="0" tests="1" name="done.mm.qa.testcases.CreateNewPCTest" time="53.957" errors="1" timestamp="2022-12-06T17:36:01 IST" skipped="0">
  <testcase classname="done.mm.qa.testcases.CreateNewPCTest" name="createMasterTest" time="53.957">
    <error message="Back
Home
Player Counter
Create New Player Counter
Sports*
Select sport
Cricket
Football
Hockey
Kabbadi
Player details
Player
Select player
Virendra Sehwag
Yuvraj Singh
Manish Pande
Cheteshwar Pujara
Sanju Samson
Sachin Tendulkar
Lalit Modi
Chetan Sakaria
naveen reddy
Murli Vijay
Dwayne Bravo
mhp yhp
Wriddiman Saha
Ashish Nehra
Jasprit Bumrah
DeP Chahar
Ambati Raydu
Narayan Jagdishan
Prashant Solanki
Smriti Mandhana
Chetan Sharma
Mohmamd Siraj
Navdeep Saini
SUMIT SHARMA
Abdul Samad
gKVXEugreS Auto
Ajinkya Rahne
UKvBhKRZdo Auto
OR
First Name*
Last Name*
Abbreviation*
Player Role*
Select
Bowler
Batsman
Fielder
AllRounder
Wicketkeeper
Country*
Select
Afghanistan
Aland Islands
Albania
Algeria
American Samoa
Andorra
Angola
Anguilla
Antarctica
Antigua And Barbuda
Argentina
Armenia
Aruba
Australia
Austria
Azerbaijan
Bahamas The
Bahrain
Bangladesh
Barbados
Belarus
Belgium
Belize
Benin
Bermuda
Bhutan
Bolivia
Bosnia and Herzegovina
Botswana
Bouvet Island
Brazil
British Indian Ocean Territory
Brunei
Bulgaria
Burkina Faso
Burundi
Cambodia
Cameroon
Canada
Cape Verde
Cayman Islands
Central African Republic
Chad
Chile
China
Christmas Island
Cocos (Keeling) Islands
Colombia
Comoros
Congo
Congo
Cook Islands
Costa Rica
Ivory Coast
Croatia (Hrvatska)
Cuba
Cyprus
Czech Republic
Denmark
Djibouti
Dominica
Dominican Republic
Timor-Leste
Ecuador
Egypt
El Salvador
Equatorial Guinea
Eritrea
Estonia
Ethiopia
Falkland Islands
Faroe Islands
Fiji Islands
Finland
France
French Polynesia
French Southern Territories
Gabon
Gambia The
Georgia
Germany
Ghana
Gibraltar
Greece
Greenland
Grenada
Guadeloupe
Guam
Guatemala
Guernsey
Guinea
Guinea-Bissau
Guyana
Haiti
Heard Island and McDonald Islands
Honduras
Hong Kong S.A.R.
Hungary
Iceland
India
Indonesia
Iran
Iraq
Ireland
Israel
Italy
Jamaica
Japan
Jersey
Jordan
Kazakhstan
Kenya
Kiribati
North Korea
South Korea
Kosovo
Kuwait
Kyrgyzstan
Laos
Latvia
Lebanon
Lesotho
Liberia
Libya
Liechtenstein
Lithuania
Luxembourg
Macau S.A.R.
Macedonia
Madagascar
Malawi
Malaysia
Maldives
Mali
Malta
Man (Isle of)
Marshall Islands
Martinique
Mauritania
Mauritius
Mayotte
Mexico
Micronesia
Moldova
Monaco
Mongolia
Montenegro
Montserrat
Morocco
Mozambique
Myanmar
Namibia
Nauru
Nepal
Netherlands Antilles
Netherlands
New Caledonia
New Zealand
Nicaragua
Niger
Nigeria
Niue
Norfolk Island
Northern Mariana Islands
Norway
Oman
Pakistan
Palau
Palestinian Territory Occupied
Panama
Papua new Guinea
Paraguay
Peru
Philippines
Pitcairn Island
Poland
Portugal
Puerto Rico
Qatar
Réunion
Romania
Russia
Rwanda
Saint Helena
Saint Kitts And Nevis
Saint Lucia
Saint Pierre and Miquelon
Saint Vincent And The Grenadines
Saint-Barthelemy
Saint-Martin (French part)
Samoa
San Marino
Sao Tome and Principe
Saudi Arabia
Senegal
Serbia
Seychelles
Sierra Leone
Singapore
Slovakia
Slovenia
Solomon Islands
Somalia
South Africa
South Georgia and the South Sandwich Islands
South Sudan
Spain
Sri Lanka
Sudan
Suriname
Svalbard And Jan Mayen Islands
Swaziland
Sweden
Switzerland
Syria
Taiwan
Tajikistan
Tanzania
Thailand
Togo
Tokelau
Tonga
Trinidad And Tobago
Tunisia
Turkey
Turkmenistan
Turks And Caicos Islands
Tuvalu
Uganda
Ukraine
United Arab Emirates
United Kingdom
United States
United States Minor Outlying Islands
Uruguay
Uzbekistan
Vanuatu
Vatican City State (Holy See)
Venezuela
Vietnam
Virgin Islands (British)
Virgin Islands (US)
Wallis And Futuna
Western Sahara
Yemen
Zambia
Zimbabwe
About Player*
Lorem Ipsum is simply dummy text of the printing and typesetting industry. Lorem Ipsum has been the industry&#039;s standard dummy text ever since the 1500s
Tournament
Perpetual
Tournament*
Select
ABCT20
APL
BPL
BPLKL
BPLKL25
BPLff
BangladeshPremierLeague
BigBashLeagueT20
CPL
CTCK
Champion
ChampionLegue
DBLeague
ExtraInning
F20220
F202202
F2022023
F2022024
F2022025
FTB
FifaWorldCupIndianCricetLeague
FootBallF25
FootballTournament
GaliCricket
Hockey
HockeyWorldCup
ICL
IPL
IPLF20
IndianCricLeagueIndianCricetLeague
IndianLeague
IndianPremiumFinal21
IndianPremiumFinal23
IndianPremiumLeague23
KABBADI
KabbadiProLeague
MPL
NPL
T10League
T20
T2023WorldCupSemiFi
T2023WorldCupSemiFinal
TWC
TwentyTwenty
UAET20
UAET30
UAET40
cricketlodc
heroKabadi
klt20
newTournament
okKB
oklp
test12
Team*
Select
Royal Challenger Blore
Mumbai Indians
Knight knight riders
Chennai Super Kings
Sunrisers Hydrabad
Gujrat Lions
Reward Date*
Player Key*
Select
suryakumarsplayerkeys
Total Supply to be minted*
House Wallet Respository Address*
Media Object / Rendering
Mobile Icon*
Web Icon*
Cancel
Save
Mint" type="java.lang.Exception">
      <![CDATA[java.lang.Exception: Back
Home
Player Counter
Create New Player Counter
Sports*
Select sport
Cricket
Football
Hockey
Kabbadi
Player details
Player
Select player
Virendra Sehwag
Yuvraj Singh
Manish Pande
Cheteshwar Pujara
Sanju Samson
Sachin Tendulkar
Lalit Modi
Chetan Sakaria
naveen reddy
Murli Vijay
Dwayne Bravo
mhp yhp
Wriddiman Saha
Ashish Nehra
Jasprit Bumrah
DeP Chahar
Ambati Raydu
Narayan Jagdishan
Prashant Solanki
Smriti Mandhana
Chetan Sharma
Mohmamd Siraj
Navdeep Saini
SUMIT SHARMA
Abdul Samad
gKVXEugreS Auto
Ajinkya Rahne
UKvBhKRZdo Auto
OR
First Name*
Last Name*
Abbreviation*
Player Role*
Select
Bowler
Batsman
Fielder
AllRounder
Wicketkeeper
Country*
Select
Afghanistan
Aland Islands
Albania
Algeria
American Samoa
Andorra
Angola
Anguilla
Antarctica
Antigua And Barbuda
Argentina
Armenia
Aruba
Australia
Austria
Azerbaijan
Bahamas The
Bahrain
Bangladesh
Barbados
Belarus
Belgium
Belize
Benin
Bermuda
Bhutan
Bolivia
Bosnia and Herzegovina
Botswana
Bouvet Island
Brazil
British Indian Ocean Territory
Brunei
Bulgaria
Burkina Faso
Burundi
Cambodia
Cameroon
Canada
Cape Verde
Cayman Islands
Central African Republic
Chad
Chile
China
Christmas Island
Cocos (Keeling) Islands
Colombia
Comoros
Congo
Congo
Cook Islands
Costa Rica
Ivory Coast
Croatia (Hrvatska)
Cuba
Cyprus
Czech Republic
Denmark
Djibouti
Dominica
Dominican Republic
Timor-Leste
Ecuador
Egypt
El Salvador
Equatorial Guinea
Eritrea
Estonia
Ethiopia
Falkland Islands
Faroe Islands
Fiji Islands
Finland
France
French Polynesia
French Southern Territories
Gabon
Gambia The
Georgia
Germany
Ghana
Gibraltar
Greece
Greenland
Grenada
Guadeloupe
Guam
Guatemala
Guernsey
Guinea
Guinea-Bissau
Guyana
Haiti
Heard Island and McDonald Islands
Honduras
Hong Kong S.A.R.
Hungary
Iceland
India
Indonesia
Iran
Iraq
Ireland
Israel
Italy
Jamaica
Japan
Jersey
Jordan
Kazakhstan
Kenya
Kiribati
North Korea
South Korea
Kosovo
Kuwait
Kyrgyzstan
Laos
Latvia
Lebanon
Lesotho
Liberia
Libya
Liechtenstein
Lithuania
Luxembourg
Macau S.A.R.
Macedonia
Madagascar
Malawi
Malaysia
Maldives
Mali
Malta
Man (Isle of)
Marshall Islands
Martinique
Mauritania
Mauritius
Mayotte
Mexico
Micronesia
Moldova
Monaco
Mongolia
Montenegro
Montserrat
Morocco
Mozambique
Myanmar
Namibia
Nauru
Nepal
Netherlands Antilles
Netherlands
New Caledonia
New Zealand
Nicaragua
Niger
Nigeria
Niue
Norfolk Island
Northern Mariana Islands
Norway
Oman
Pakistan
Palau
Palestinian Territory Occupied
Panama
Papua new Guinea
Paraguay
Peru
Philippines
Pitcairn Island
Poland
Portugal
Puerto Rico
Qatar
Réunion
Romania
Russia
Rwanda
Saint Helena
Saint Kitts And Nevis
Saint Lucia
Saint Pierre and Miquelon
Saint Vincent And The Grenadines
Saint-Barthelemy
Saint-Martin (French part)
Samoa
San Marino
Sao Tome and Principe
Saudi Arabia
Senegal
Serbia
Seychelles
Sierra Leone
Singapore
Slovakia
Slovenia
Solomon Islands
Somalia
South Africa
South Georgia and the South Sandwich Islands
South Sudan
Spain
Sri Lanka
Sudan
Suriname
Svalbard And Jan Mayen Islands
Swaziland
Sweden
Switzerland
Syria
Taiwan
Tajikistan
Tanzania
Thailand
Togo
Tokelau
Tonga
Trinidad And Tobago
Tunisia
Turkey
Turkmenistan
Turks And Caicos Islands
Tuvalu
Uganda
Ukraine
United Arab Emirates
United Kingdom
United States
United States Minor Outlying Islands
Uruguay
Uzbekistan
Vanuatu
Vatican City State (Holy See)
Venezuela
Vietnam
Virgin Islands (British)
Virgin Islands (US)
Wallis And Futuna
Western Sahara
Yemen
Zambia
Zimbabwe
About Player*
Lorem Ipsum is simply dummy text of the printing and typesetting industry. Lorem Ipsum has been the industry's standard dummy text ever since the 1500s
Tournament
Perpetual
Tournament*
Select
ABCT20
APL
BPL
BPLKL
BPLKL25
BPLff
BangladeshPremierLeague
BigBashLeagueT20
CPL
CTCK
Champion
ChampionLegue
DBLeague
ExtraInning
F20220
F202202
F2022023
F2022024
F2022025
FTB
FifaWorldCupIndianCricetLeague
FootBallF25
FootballTournament
GaliCricket
Hockey
HockeyWorldCup
ICL
IPL
IPLF20
IndianCricLeagueIndianCricetLeague
IndianLeague
IndianPremiumFinal21
IndianPremiumFinal23
IndianPremiumLeague23
KABBADI
KabbadiProLeague
MPL
NPL
T10League
T20
T2023WorldCupSemiFi
T2023WorldCupSemiFinal
TWC
TwentyTwenty
UAET20
UAET30
UAET40
cricketlodc
heroKabadi
klt20
newTournament
okKB
oklp
test12
Team*
Select
Royal Challenger Blore
Mumbai Indians
Knight knight riders
Chennai Super Kings
Sunrisers Hydrabad
Gujrat Lions
Reward Date*
Player Key*
Select
suryakumarsplayerkeys
Total Supply to be minted*
House Wallet Respository Address*
Media Object / Rendering
Mobile Icon*
Web Icon*
Cancel
Save
Mint
at done.mm.qa.base.TestBase.readMessege(TestBase.java:134)
at done.mm.qa.pages.CreateNewPCPage.CreatePC(CreateNewPCPage.java:126)
at done.mm.qa.testcases.CreateNewPCTest.createMasterTest(CreateNewPCTest.java:31)
at java.base/jdk.internal.reflect.NativeMethodAccessorImpl.invoke0(Native Method)
at java.base/jdk.internal.reflect.NativeMethodAccessorImpl.invoke(NativeMethodAccessorImpl.java:77)
at java.base/jdk.internal.reflect.DelegatingMethodAccessorImpl.invoke(DelegatingMethodAccessorImpl.java:43)
at java.base/java.lang.reflect.Method.invoke(Method.java:568)
at org.testng.internal.MethodInvocationHelper.invokeMethod(MethodInvocationHelper.java:133)
at org.testng.internal.TestInvoker.invokeMethod(TestInvoker.java:598)
at org.testng.internal.TestInvoker.invokeTestMethod(TestInvoker.java:173)
at org.testng.internal.MethodRunner.runInSequence(MethodRunner.java:46)
at org.testng.internal.TestInvoker$MethodInvocationAgent.invoke(TestInvoker.java:824)
at org.testng.internal.TestInvoker.invokeTestMethods(TestInvoker.java:146)
at org.testng.internal.TestMethodWorker.invokeTestMethods(TestMethodWorker.java:146)
at org.testng.internal.TestMethodWorker.run(TestMethodWorker.java:128)
at java.base/java.util.ArrayList.forEach(ArrayList.java:1511)
at org.testng.TestRunner.privateRun(TestRunner.java:794)
at org.testng.TestRunner.run(TestRunner.java:596)
at org.testng.SuiteRunner.runTest(SuiteRunner.java:377)
at org.testng.SuiteRunner.runSequentially(SuiteRunner.java:371)
at org.testng.SuiteRunner.privateRun(SuiteRunner.java:332)
at org.testng.SuiteRunner.run(SuiteRunner.java:276)
at org.testng.SuiteRunnerWorker.runSuite(SuiteRunnerWorker.java:53)
at org.testng.SuiteRunnerWorker.run(SuiteRunnerWorker.java:96)
at org.testng.TestNG.runSuitesSequentially(TestNG.java:1212)
at org.testng.TestNG.runSuitesLocally(TestNG.java:1134)
at org.testng.TestNG.runSuites(TestNG.java:1063)
at org.testng.TestNG.run(TestNG.java:1031)
at org.testng.remote.AbstractRemoteTestNG.run(AbstractRemoteTestNG.java:115)
at org.testng.remote.RemoteTestNG.initAndRun(RemoteTestNG.java:251)
at org.testng.remote.RemoteTestNG.main(RemoteTestNG.java:77)
]]>
    </error>
  </testcase> <!-- createMasterTest -->
  <system-out/>
</testsuite> <!-- done.mm.qa.testcases.CreateNewPCTest -->
