<?xml version="1.0" encoding="UTF-8"?>
<!-- Generated by org.testng.reporters.JUnitReportReporter -->
<testsuite hostname="DESKTOP-5AST0QG" failures="0" tests="1" name="done.mm.qa.testcases.CreateMatchTest" time="39.910" errors="0" timestamp="2022-10-18T14:42:06 IST" skipped="0">
  <testcase classname="done.mm.qa.testcases.CreateMatchTest" name="createMasterTest" time="39.910"/>
  <system-out/>
</testsuite> <!-- done.mm.qa.testcases.CreateMatchTest -->
