<?xml version="1.0" encoding="UTF-8"?>
<!-- Generated by org.testng.reporters.JUnitReportReporter -->
<testsuite hostname="DESKTOP-5AST0QG" failures="0" tests="1" name="done.mm.qa.testcases.DeletePCTest" time="40.167" errors="0" timestamp="2022-10-28T17:50:02 IST" skipped="0">
  <testcase classname="done.mm.qa.testcases.DeletePCTest" name="createMasterTest" time="40.167"/>
  <system-out/>
</testsuite> <!-- done.mm.qa.testcases.DeletePCTest -->
