<?xml version="1.0" encoding="UTF-8"?>
<!-- Generated by org.testng.reporters.JUnitReportReporter -->
<testsuite hostname="DESKTOP-5AST0QG" failures="0" tests="1" name="done.mm.qa.testcases.CreateNewMatchTest" time="76.362" errors="1" timestamp="2022-12-06T17:36:01 IST" skipped="0">
  <testcase classname="done.mm.qa.testcases.CreateNewMatchTest" name="createNewMatchTest" time="76.362">
    <error message="Back
Home
Matches
Create New Match
Tournament
Select Tournament*
Select
ABCT20
APL
BPL
BPLKL
BPLKL25
BPLff
BangladeshPremierLeague
BigBashLeagueT20
CPL
CTCK
Champion
ChampionLegue
DBLeague
ExtraInning
F20220
F202202
F2022023
F2022024
F2022025
FTB
FifaWorldCupIndianCricetLeague
FootBallF25
FootballTournament
GaliCricket
Hockey
HockeyWorldCup
ICL
IPL
IPLF20
IndianCricLeagueIndianCricetLeague
IndianLeague
IndianPremiumFinal21
IndianPremiumFinal23
IndianPremiumLeague23
KABBADI
KabbadiProLeague
MPL
NPL
T10League
T20
T2023WorldCupSemiFi
T2023WorldCupSemiFinal
TWC
TwentyTwenty
UAET20
UAET30
UAET40
cricketlodc
heroKabadi
klt20
newTournament
okKB
oklp
test12
Team A*
Select
Royal Challenger Blore
Mumbai Indians
Knight knight riders
Chennai Super Kings
Sunrisers Hydrabad
Gujrat Lions
VS
Team B*
Select
Royal Challenger Blore
Mumbai Indians
Knight knight riders
Chennai Super Kings
Sunrisers Hydrabad
Gujrat Lions
Select Match Key *
Select
T20MWC_2022_Match21
Select Match Date*
Select Match Time*
Time Zone*
Select
-05:00
-10:00
-07:00
Australia/Darwin (GMT+09:30)
Australia/Sydney (GMT+11:00)
America/Argentina/Buenos_Aires (GMT-03:00)
Africa/Cairo (GMT+02:00)
America/Anchorage (GMT-08:00)
America/Sao_Paulo (GMT-03:00)
Asia/Dhaka (GMT+06:00)
Africa/Harare (GMT+02:00)
America/St_Johns (GMT-02:30)
America/Chicago (GMT-05:00)
Asia/Shanghai (GMT+08:00)
Africa/Addis_Ababa (GMT+03:00)
Europe/Paris (GMT+02:00)
America/Indiana/Indianapolis (GMT-04:00)
Asia/Kolkata (GMT+05:30)
Asia/Tokyo (GMT+09:00)
Pacific/Apia (GMT+14:00)
Asia/Yerevan (GMT+04:00)
Pacific/Auckland (GMT+04:00)
Asia/Karachi (GMT+05:00)
America/Phoenix (GMT-07:00)
America/Puerto_Rico (GMT-04:00)
America/Los_Angeles (GMT-07:00)
Pacific/Guadalcanal (GMT+11:00)
Asia/Ho_Chi_Minh (GMT+07:00)
Enter Venue*
Abbreviation*
Cancel
Create" type="java.lang.Exception">
      <![CDATA[java.lang.Exception: Back
Home
Matches
Create New Match
Tournament
Select Tournament*
Select
ABCT20
APL
BPL
BPLKL
BPLKL25
BPLff
BangladeshPremierLeague
BigBashLeagueT20
CPL
CTCK
Champion
ChampionLegue
DBLeague
ExtraInning
F20220
F202202
F2022023
F2022024
F2022025
FTB
FifaWorldCupIndianCricetLeague
FootBallF25
FootballTournament
GaliCricket
Hockey
HockeyWorldCup
ICL
IPL
IPLF20
IndianCricLeagueIndianCricetLeague
IndianLeague
IndianPremiumFinal21
IndianPremiumFinal23
IndianPremiumLeague23
KABBADI
KabbadiProLeague
MPL
NPL
T10League
T20
T2023WorldCupSemiFi
T2023WorldCupSemiFinal
TWC
TwentyTwenty
UAET20
UAET30
UAET40
cricketlodc
heroKabadi
klt20
newTournament
okKB
oklp
test12
Team A*
Select
Royal Challenger Blore
Mumbai Indians
Knight knight riders
Chennai Super Kings
Sunrisers Hydrabad
Gujrat Lions
VS
Team B*
Select
Royal Challenger Blore
Mumbai Indians
Knight knight riders
Chennai Super Kings
Sunrisers Hydrabad
Gujrat Lions
Select Match Key *
Select
T20MWC_2022_Match21
Select Match Date*
Select Match Time*
Time Zone*
Select
-05:00
-10:00
-07:00
Australia/Darwin (GMT+09:30)
Australia/Sydney (GMT+11:00)
America/Argentina/Buenos_Aires (GMT-03:00)
Africa/Cairo (GMT+02:00)
America/Anchorage (GMT-08:00)
America/Sao_Paulo (GMT-03:00)
Asia/Dhaka (GMT+06:00)
Africa/Harare (GMT+02:00)
America/St_Johns (GMT-02:30)
America/Chicago (GMT-05:00)
Asia/Shanghai (GMT+08:00)
Africa/Addis_Ababa (GMT+03:00)
Europe/Paris (GMT+02:00)
America/Indiana/Indianapolis (GMT-04:00)
Asia/Kolkata (GMT+05:30)
Asia/Tokyo (GMT+09:00)
Pacific/Apia (GMT+14:00)
Asia/Yerevan (GMT+04:00)
Pacific/Auckland (GMT+04:00)
Asia/Karachi (GMT+05:00)
America/Phoenix (GMT-07:00)
America/Puerto_Rico (GMT-04:00)
America/Los_Angeles (GMT-07:00)
Pacific/Guadalcanal (GMT+11:00)
Asia/Ho_Chi_Minh (GMT+07:00)
Enter Venue*
Abbreviation*
Cancel
Create
at done.mm.qa.base.TestBase.readMessege(TestBase.java:134)
at done.mm.qa.pages.CreateNewMatch.CreateMatch(CreateNewMatch.java:121)
at done.mm.qa.testcases.CreateNewMatchTest.createNewMatchTest(CreateNewMatchTest.java:36)
at java.base/jdk.internal.reflect.NativeMethodAccessorImpl.invoke0(Native Method)
at java.base/jdk.internal.reflect.NativeMethodAccessorImpl.invoke(NativeMethodAccessorImpl.java:77)
at java.base/jdk.internal.reflect.DelegatingMethodAccessorImpl.invoke(DelegatingMethodAccessorImpl.java:43)
at java.base/java.lang.reflect.Method.invoke(Method.java:568)
at org.testng.internal.MethodInvocationHelper.invokeMethod(MethodInvocationHelper.java:133)
at org.testng.internal.TestInvoker.invokeMethod(TestInvoker.java:598)
at org.testng.internal.TestInvoker.invokeTestMethod(TestInvoker.java:173)
at org.testng.internal.MethodRunner.runInSequence(MethodRunner.java:46)
at org.testng.internal.TestInvoker$MethodInvocationAgent.invoke(TestInvoker.java:824)
at org.testng.internal.TestInvoker.invokeTestMethods(TestInvoker.java:146)
at org.testng.internal.TestMethodWorker.invokeTestMethods(TestMethodWorker.java:146)
at org.testng.internal.TestMethodWorker.run(TestMethodWorker.java:128)
at java.base/java.util.ArrayList.forEach(ArrayList.java:1511)
at org.testng.TestRunner.privateRun(TestRunner.java:794)
at org.testng.TestRunner.run(TestRunner.java:596)
at org.testng.SuiteRunner.runTest(SuiteRunner.java:377)
at org.testng.SuiteRunner.runSequentially(SuiteRunner.java:371)
at org.testng.SuiteRunner.privateRun(SuiteRunner.java:332)
at org.testng.SuiteRunner.run(SuiteRunner.java:276)
at org.testng.SuiteRunnerWorker.runSuite(SuiteRunnerWorker.java:53)
at org.testng.SuiteRunnerWorker.run(SuiteRunnerWorker.java:96)
at org.testng.TestNG.runSuitesSequentially(TestNG.java:1212)
at org.testng.TestNG.runSuitesLocally(TestNG.java:1134)
at org.testng.TestNG.runSuites(TestNG.java:1063)
at org.testng.TestNG.run(TestNG.java:1031)
at org.testng.remote.AbstractRemoteTestNG.run(AbstractRemoteTestNG.java:115)
at org.testng.remote.RemoteTestNG.initAndRun(RemoteTestNG.java:251)
at org.testng.remote.RemoteTestNG.main(RemoteTestNG.java:77)
]]>
    </error>
  </testcase> <!-- createNewMatchTest -->
  <system-out/>
</testsuite> <!-- done.mm.qa.testcases.CreateNewMatchTest -->
