<?xml version="1.0" encoding="UTF-8"?>
<!-- Generated by org.testng.reporters.JUnitReportReporter -->
<testsuite hostname="DESKTOP-LM7H92S" failures="0" tests="1" name="done.mm.qa.testcases.PCStatusCompleteTest" time="56.667" errors="0" timestamp="2022-11-29T16:38:12 IST" skipped="0">
  <testcase classname="done.mm.qa.testcases.PCStatusCompleteTest" name="statusupdate" time="56.667"/>
  <system-out/>
</testsuite> <!-- done.mm.qa.testcases.PCStatusCompleteTest -->
