<?xml version="1.0" encoding="UTF-8"?>
<!-- Generated by org.testng.reporters.JUnitReportReporter -->
<testsuite hostname="BuildSupply-PC9" failures="0" tests="1" name="done.mm.qa.testcases.ReturnToStoreTest" time="95.941" errors="0" timestamp="2021-12-08T13:34:29 IST" skipped="0">
  <testcase classname="done.mm.qa.testcases.ReturnToStoreTest" name="Addmaterial" time="95.941"/>
  <system-out/>
</testsuite> <!-- done.mm.qa.testcases.ReturnToStoreTest -->
