<?xml version="1.0" encoding="UTF-8"?>
<!-- Generated by org.testng.reporters.JUnitReportReporter -->
<testsuite hostname="DESKTOP-5AST0QG" failures="0" tests="1" name="done.mm.qa.testcases.DeleteIPTest" time="25.659" errors="0" timestamp="2022-10-03T18:57:48 IST" skipped="0">
  <testcase classname="done.mm.qa.testcases.DeleteIPTest" name="deleteIPTest" time="25.659"/>
  <system-out/>
</testsuite> <!-- done.mm.qa.testcases.DeleteIPTest -->
