<?xml version="1.0" encoding="UTF-8"?>
<!-- Generated by org.testng.reporters.JUnitReportReporter -->
<testsuite hostname="DESKTOP-5AST0QG" failures="0" tests="1" name="done.mm.qa.testcases.AddSupplierTest" time="38.993" errors="0" timestamp="2022-01-14T19:06:15 IST" skipped="0">
  <testcase classname="done.mm.qa.testcases.AddSupplierTest" name="AddSupplier" time="38.993"/>
  <system-out/>
</testsuite> <!-- done.mm.qa.testcases.AddSupplierTest -->
