<?xml version="1.0" encoding="UTF-8"?>
<!-- Generated by org.testng.reporters.JUnitReportReporter -->
<testsuite hostname="DESKTOP-5AST0QG" failures="0" tests="1" name="Tests.Login_test" time="8.882" errors="0" timestamp="13 Sep 2022 03:33:20 GMT" skipped="0">
  <testcase classname="Tests.Login_test" name="AddRealmeToCart" time="8.882"/>
</testsuite> <!-- Tests.Login_test -->
