<?xml version="1.0" encoding="UTF-8"?>
<!-- Generated by org.testng.reporters.JUnitReportReporter -->
<testsuite hostname="DESKTOP-5AST0QG" failures="0" tests="1" name="done.mm.qa.testcases.CreatePoTest" time="22.523" errors="0" timestamp="2022-09-04T19:06:42 IST" skipped="0">
  <testcase classname="done.mm.qa.testcases.CreatePoTest" name="CreateMaster" time="22.523"/>
  <system-out/>
</testsuite> <!-- done.mm.qa.testcases.CreatePoTest -->
